This file contains any messages produced by compilers while
running configure, to aid debugging if configure makes a mistake.

It was created by Protocol Buffers configure 3.2.0, which was
generated by GNU Autoconf 2.69.  Invocation command line was

  $ ./configure 

## --------- ##
## Platform. ##
## --------- ##

hostname = heyuhandeMacBook-Pro.local
uname -m = x86_64
uname -r = 15.6.0
uname -s = Darwin
uname -v = Darwin Kernel Version 15.6.0: Thu Jun 23 18:25:34 PDT 2016; root:xnu-3248.60.10~1/RELEASE_X86_64

/usr/bin/uname -p = i386
/bin/uname -X     = unknown

/bin/arch              = unknown
/usr/bin/arch -k       = unknown
/usr/convex/getsysinfo = unknown
/usr/bin/hostinfo      = Mach kernel version:
	 Darwin Kernel Version 15.6.0: Thu Jun 23 18:25:34 PDT 2016; root:xnu-3248.60.10~1/RELEASE_X86_64
Kernel configured for up to 8 processors.
4 processors are physically available.
8 processors are logically available.
Processor type: x86_64h (Intel x86-64h Haswell)
Processors active: 0 1 2 3 4 5 6 7
Primary memory available: 16.00 gigabytes
Default processor set: 251 tasks, 1215 threads, 8 processors
Load average: 2.23, Mach factor: 5.75
/bin/machine           = unknown
/usr/bin/oslevel       = unknown
/bin/universe          = unknown

PATH: /Users/heyuhan/cocos2d-x-3.14/templates
PATH: /Users/heyuhan
PATH: /Users/heyuhan/cocos2d-x-3.14/tools/cocos2d-console/bin
PATH: /usr/local/bin
PATH: /usr/bin
PATH: /bin
PATH: /usr/sbin
PATH: /sbin
PATH: /usr/local/share/dotnet
PATH: /Library/Frameworks/Mono.framework/Versions/Current/Commands


## ----------- ##
## Core tests. ##
## ----------- ##

configure:2593: checking whether to enable maintainer-specific portions of Makefiles
configure:2602: result: yes
configure:2677: checking build system type
configure:2691: result: x86_64-apple-darwin15.6.0
configure:2711: checking host system type
configure:2724: result: x86_64-apple-darwin15.6.0
configure:2744: checking target system type
configure:2757: result: x86_64-apple-darwin15.6.0
configure:2800: checking for a BSD-compatible install
configure:2868: result: /usr/bin/install -c
configure:2879: checking whether build environment is sane
configure:2934: result: yes
configure:3085: checking for a thread-safe mkdir -p
configure:3124: result: ./install-sh -c -d
configure:3131: checking for gawk
configure:3161: result: no
configure:3131: checking for mawk
configure:3161: result: no
configure:3131: checking for nawk
configure:3161: result: no
configure:3131: checking for awk
configure:3147: found /usr/bin/awk
configure:3158: result: awk
configure:3169: checking whether make sets $(MAKE)
configure:3191: result: yes
configure:3220: checking whether make supports nested variables
configure:3237: result: yes
configure:3326: checking whether UID '501' is supported by ustar format
configure:3329: result: yes
configure:3336: checking whether GID '20' is supported by ustar format
configure:3339: result: yes
configure:3347: checking how to create a ustar tar archive
configure:3358: tar --version
bsdtar 2.8.3 - libarchive 2.8.3
configure:3361: $? = 0
configure:3401: tardir=conftest.dir && eval tar --format=ustar -chf - "$tardir" >conftest.tar
configure:3404: $? = 0
configure:3408: tar -xf - <conftest.tar
configure:3411: $? = 0
configure:3413: cat conftest.dir/file
GrepMe
configure:3416: $? = 0
configure:3429: result: gnutar
configure:3546: checking for gcc
configure:3562: found /usr/bin/gcc
configure:3573: result: gcc
configure:3802: checking for C compiler version
configure:3811: gcc --version >&5
Apple LLVM version 8.0.0 (clang-800.0.42.1)
Target: x86_64-apple-darwin15.6.0
Thread model: posix
InstalledDir: /Applications/Xcode.app/Contents/Developer/Toolchains/XcodeDefault.xctoolchain/usr/bin
Configured with: --prefix=/Applications/Xcode.app/Contents/Developer/usr --with-gxx-include-dir=/Applications/Xcode.app/Contents/Developer/Platforms/MacOSX.platform/Developer/SDKs/MacOSX10.12.sdk/usr/include/c++/4.2.1
configure:3822: $? = 0
configure:3811: gcc -v >&5
Configured with: --prefix=/Applications/Xcode.app/Contents/Developer/usr --with-gxx-include-dir=/Applications/Xcode.app/Contents/Developer/Platforms/MacOSX.platform/Developer/SDKs/MacOSX10.12.sdk/usr/include/c++/4.2.1
Apple LLVM version 8.0.0 (clang-800.0.42.1)
Target: x86_64-apple-darwin15.6.0
Thread model: posix
InstalledDir: /Applications/Xcode.app/Contents/Developer/Toolchains/XcodeDefault.xctoolchain/usr/bin
configure:3822: $? = 0
configure:3811: gcc -V >&5
clang: error: argument to '-V' is missing (expected 1 value)
clang: error: no input files
configure:3822: $? = 1
configure:3811: gcc -qversion >&5
clang: error: unknown argument: '-qversion'
clang: error: no input files
configure:3822: $? = 1
configure:3842: checking whether the C compiler works
configure:3864: gcc    conftest.c  >&5
configure:3868: $? = 0
configure:3916: result: yes
configure:3919: checking for C compiler default output file name
configure:3921: result: a.out
configure:3927: checking for suffix of executables
configure:3934: gcc -o conftest    conftest.c  >&5
configure:3938: $? = 0
configure:3960: result: 
configure:3982: checking whether we are cross compiling
configure:3990: gcc -o conftest    conftest.c  >&5
configure:3994: $? = 0
configure:4001: ./conftest
configure:4005: $? = 0
configure:4020: result: no
configure:4025: checking for suffix of object files
configure:4047: gcc -c   conftest.c >&5
configure:4051: $? = 0
configure:4072: result: o
configure:4076: checking whether we are using the GNU C compiler
configure:4095: gcc -c   conftest.c >&5
configure:4095: $? = 0
configure:4104: result: yes
configure:4113: checking whether gcc accepts -g
configure:4133: gcc -c -g  conftest.c >&5
configure:4133: $? = 0
configure:4174: result: yes
configure:4191: checking for gcc option to accept ISO C89
configure:4254: gcc  -c   conftest.c >&5
configure:4254: $? = 0
configure:4267: result: none needed
configure:4292: checking whether gcc understands -c and -o together
configure:4314: gcc -c conftest.c -o conftest2.o
configure:4317: $? = 0
configure:4314: gcc -c conftest.c -o conftest2.o
configure:4317: $? = 0
configure:4329: result: yes
configure:4357: checking for style of include used by make
configure:4385: result: GNU
configure:4411: checking dependency style of gcc
configure:4522: result: gcc3
configure:4595: checking for g++
configure:4611: found /usr/bin/g++
configure:4622: result: g++
configure:4649: checking for C++ compiler version
configure:4658: g++ --version >&5
Apple LLVM version 8.0.0 (clang-800.0.42.1)
Target: x86_64-apple-darwin15.6.0
Thread model: posix
InstalledDir: /Applications/Xcode.app/Contents/Developer/Toolchains/XcodeDefault.xctoolchain/usr/bin
Configured with: --prefix=/Applications/Xcode.app/Contents/Developer/usr --with-gxx-include-dir=/Applications/Xcode.app/Contents/Developer/Platforms/MacOSX.platform/Developer/SDKs/MacOSX10.12.sdk/usr/include/c++/4.2.1
configure:4669: $? = 0
configure:4658: g++ -v >&5
Configured with: --prefix=/Applications/Xcode.app/Contents/Developer/usr --with-gxx-include-dir=/Applications/Xcode.app/Contents/Developer/Platforms/MacOSX.platform/Developer/SDKs/MacOSX10.12.sdk/usr/include/c++/4.2.1
Apple LLVM version 8.0.0 (clang-800.0.42.1)
Target: x86_64-apple-darwin15.6.0
Thread model: posix
InstalledDir: /Applications/Xcode.app/Contents/Developer/Toolchains/XcodeDefault.xctoolchain/usr/bin
configure:4669: $? = 0
configure:4658: g++ -V >&5
clang: error: argument to '-V' is missing (expected 1 value)
clang: error: no input files
configure:4669: $? = 1
configure:4658: g++ -qversion >&5
clang: error: unknown argument: '-qversion'
clang: error: no input files
configure:4669: $? = 1
configure:4673: checking whether we are using the GNU C++ compiler
configure:4692: g++ -c   conftest.cpp >&5
configure:4692: $? = 0
configure:4701: result: yes
configure:4710: checking whether g++ accepts -g
configure:4730: g++ -c -g  conftest.cpp >&5
configure:4730: $? = 0
configure:4771: result: yes
configure:4796: checking dependency style of g++
configure:4907: result: gcc3
configure:4927: checking how to run the C preprocessor
configure:4958: gcc -E  conftest.c
configure:4958: $? = 0
configure:4972: gcc -E  conftest.c
conftest.c:11:10: fatal error: 'ac_nonexistent.h' file not found
#include <ac_nonexistent.h>
         ^
1 error generated.
configure:4972: $? = 1
configure: failed program was:
| /* confdefs.h */
| #define PACKAGE_NAME "Protocol Buffers"
| #define PACKAGE_TARNAME "protobuf"
| #define PACKAGE_VERSION "3.2.0"
| #define PACKAGE_STRING "Protocol Buffers 3.2.0"
| #define PACKAGE_BUGREPORT "protobuf@googlegroups.com"
| #define PACKAGE_URL ""
| #define PACKAGE "protobuf"
| #define VERSION "3.2.0"
| /* end confdefs.h.  */
| #include <ac_nonexistent.h>
configure:4997: result: gcc -E
configure:5017: gcc -E  conftest.c
configure:5017: $? = 0
configure:5031: gcc -E  conftest.c
conftest.c:11:10: fatal error: 'ac_nonexistent.h' file not found
#include <ac_nonexistent.h>
         ^
1 error generated.
configure:5031: $? = 1
configure: failed program was:
| /* confdefs.h */
| #define PACKAGE_NAME "Protocol Buffers"
| #define PACKAGE_TARNAME "protobuf"
| #define PACKAGE_VERSION "3.2.0"
| #define PACKAGE_STRING "Protocol Buffers 3.2.0"
| #define PACKAGE_BUGREPORT "protobuf@googlegroups.com"
| #define PACKAGE_URL ""
| #define PACKAGE "protobuf"
| #define VERSION "3.2.0"
| /* end confdefs.h.  */
| #include <ac_nonexistent.h>
configure:5115: checking for gcc
configure:5131: found /usr/bin/gcc
configure:5142: result: gcc
configure:5371: checking for C compiler version
configure:5380: gcc --version >&5
Apple LLVM version 8.0.0 (clang-800.0.42.1)
Target: x86_64-apple-darwin15.6.0
Thread model: posix
InstalledDir: /Applications/Xcode.app/Contents/Developer/Toolchains/XcodeDefault.xctoolchain/usr/bin
Configured with: --prefix=/Applications/Xcode.app/Contents/Developer/usr --with-gxx-include-dir=/Applications/Xcode.app/Contents/Developer/Platforms/MacOSX.platform/Developer/SDKs/MacOSX10.12.sdk/usr/include/c++/4.2.1
configure:5391: $? = 0
configure:5380: gcc -v >&5
Configured with: --prefix=/Applications/Xcode.app/Contents/Developer/usr --with-gxx-include-dir=/Applications/Xcode.app/Contents/Developer/Platforms/MacOSX.platform/Developer/SDKs/MacOSX10.12.sdk/usr/include/c++/4.2.1
Apple LLVM version 8.0.0 (clang-800.0.42.1)
Target: x86_64-apple-darwin15.6.0
Thread model: posix
InstalledDir: /Applications/Xcode.app/Contents/Developer/Toolchains/XcodeDefault.xctoolchain/usr/bin
configure:5391: $? = 0
configure:5380: gcc -V >&5
clang: error: argument to '-V' is missing (expected 1 value)
clang: error: no input files
configure:5391: $? = 1
configure:5380: gcc -qversion >&5
clang: error: unknown argument: '-qversion'
clang: error: no input files
configure:5391: $? = 1
configure:5395: checking whether we are using the GNU C compiler
configure:5423: result: yes
configure:5432: checking whether gcc accepts -g
configure:5452: gcc -c   conftest.c >&5
configure:5452: $? = 0
configure:5493: result: yes
configure:5510: checking for gcc option to accept ISO C89
configure:5586: result: none needed
configure:5611: checking whether gcc understands -c and -o together
configure:5648: result: yes
configure:5667: checking dependency style of gcc
configure:5778: result: gcc3
configure:5798: checking how to run the C preprocessor
configure:5829: gcc -E  conftest.c
configure:5829: $? = 0
configure:5843: gcc -E  conftest.c
conftest.c:11:10: fatal error: 'ac_nonexistent.h' file not found
#include <ac_nonexistent.h>
         ^
1 error generated.
configure:5843: $? = 1
configure: failed program was:
| /* confdefs.h */
| #define PACKAGE_NAME "Protocol Buffers"
| #define PACKAGE_TARNAME "protobuf"
| #define PACKAGE_VERSION "3.2.0"
| #define PACKAGE_STRING "Protocol Buffers 3.2.0"
| #define PACKAGE_BUGREPORT "protobuf@googlegroups.com"
| #define PACKAGE_URL ""
| #define PACKAGE "protobuf"
| #define VERSION "3.2.0"
| /* end confdefs.h.  */
| #include <ac_nonexistent.h>
configure:5868: result: gcc -E
configure:5888: gcc -E  conftest.c
configure:5888: $? = 0
configure:5902: gcc -E  conftest.c
conftest.c:11:10: fatal error: 'ac_nonexistent.h' file not found
#include <ac_nonexistent.h>
         ^
1 error generated.
configure:5902: $? = 1
configure: failed program was:
| /* confdefs.h */
| #define PACKAGE_NAME "Protocol Buffers"
| #define PACKAGE_TARNAME "protobuf"
| #define PACKAGE_VERSION "3.2.0"
| #define PACKAGE_STRING "Protocol Buffers 3.2.0"
| #define PACKAGE_BUGREPORT "protobuf@googlegroups.com"
| #define PACKAGE_URL ""
| #define PACKAGE "protobuf"
| #define VERSION "3.2.0"
| /* end confdefs.h.  */
| #include <ac_nonexistent.h>
configure:5944: checking how to run the C++ preprocessor
configure:5971: g++ -E  conftest.cpp
configure:5971: $? = 0
configure:5985: g++ -E  conftest.cpp
conftest.cpp:11:10: fatal error: 'ac_nonexistent.h' file not found
#include <ac_nonexistent.h>
         ^
1 error generated.
configure:5985: $? = 1
configure: failed program was:
| /* confdefs.h */
| #define PACKAGE_NAME "Protocol Buffers"
| #define PACKAGE_TARNAME "protobuf"
| #define PACKAGE_VERSION "3.2.0"
| #define PACKAGE_STRING "Protocol Buffers 3.2.0"
| #define PACKAGE_BUGREPORT "protobuf@googlegroups.com"
| #define PACKAGE_URL ""
| #define PACKAGE "protobuf"
| #define VERSION "3.2.0"
| /* end confdefs.h.  */
| #include <ac_nonexistent.h>
configure:6010: result: g++ -E
configure:6030: g++ -E  conftest.cpp
configure:6030: $? = 0
configure:6044: g++ -E  conftest.cpp
conftest.cpp:11:10: fatal error: 'ac_nonexistent.h' file not found
#include <ac_nonexistent.h>
         ^
1 error generated.
configure:6044: $? = 1
configure: failed program was:
| /* confdefs.h */
| #define PACKAGE_NAME "Protocol Buffers"
| #define PACKAGE_TARNAME "protobuf"
| #define PACKAGE_VERSION "3.2.0"
| #define PACKAGE_STRING "Protocol Buffers 3.2.0"
| #define PACKAGE_BUGREPORT "protobuf@googlegroups.com"
| #define PACKAGE_URL ""
| #define PACKAGE "protobuf"
| #define VERSION "3.2.0"
| /* end confdefs.h.  */
| #include <ac_nonexistent.h>
configure:6137: checking for g++
configure:6153: found /usr/bin/g++
configure:6164: result: g++
configure:6191: checking for C++ compiler version
configure:6200: g++ --version >&5
Apple LLVM version 8.0.0 (clang-800.0.42.1)
Target: x86_64-apple-darwin15.6.0
Thread model: posix
InstalledDir: /Applications/Xcode.app/Contents/Developer/Toolchains/XcodeDefault.xctoolchain/usr/bin
Configured with: --prefix=/Applications/Xcode.app/Contents/Developer/usr --with-gxx-include-dir=/Applications/Xcode.app/Contents/Developer/Platforms/MacOSX.platform/Developer/SDKs/MacOSX10.12.sdk/usr/include/c++/4.2.1
configure:6211: $? = 0
configure:6200: g++ -v >&5
Configured with: --prefix=/Applications/Xcode.app/Contents/Developer/usr --with-gxx-include-dir=/Applications/Xcode.app/Contents/Developer/Platforms/MacOSX.platform/Developer/SDKs/MacOSX10.12.sdk/usr/include/c++/4.2.1
Apple LLVM version 8.0.0 (clang-800.0.42.1)
Target: x86_64-apple-darwin15.6.0
Thread model: posix
InstalledDir: /Applications/Xcode.app/Contents/Developer/Toolchains/XcodeDefault.xctoolchain/usr/bin
configure:6211: $? = 0
configure:6200: g++ -V >&5
clang: error: argument to '-V' is missing (expected 1 value)
clang: error: no input files
configure:6211: $? = 1
configure:6200: g++ -qversion >&5
clang: error: unknown argument: '-qversion'
clang: error: no input files
configure:6211: $? = 1
configure:6215: checking whether we are using the GNU C++ compiler
configure:6243: result: yes
configure:6252: checking whether g++ accepts -g
configure:6272: gcc -c   conftest.cpp >&5
configure:6272: $? = 0
configure:6313: result: yes
configure:6338: checking dependency style of g++
configure:6449: result: gcc3
configure:6469: checking how to run the C++ preprocessor
configure:6496: g++ -E  conftest.cpp
configure:6496: $? = 0
configure:6510: g++ -E  conftest.cpp
conftest.cpp:11:10: fatal error: 'ac_nonexistent.h' file not found
#include <ac_nonexistent.h>
         ^
1 error generated.
configure:6510: $? = 1
configure: failed program was:
| /* confdefs.h */
| #define PACKAGE_NAME "Protocol Buffers"
| #define PACKAGE_TARNAME "protobuf"
| #define PACKAGE_VERSION "3.2.0"
| #define PACKAGE_STRING "Protocol Buffers 3.2.0"
| #define PACKAGE_BUGREPORT "protobuf@googlegroups.com"
| #define PACKAGE_URL ""
| #define PACKAGE "protobuf"
| #define VERSION "3.2.0"
| /* end confdefs.h.  */
| #include <ac_nonexistent.h>
configure:6535: result: g++ -E
configure:6555: g++ -E  conftest.cpp
configure:6555: $? = 0
configure:6569: g++ -E  conftest.cpp
conftest.cpp:11:10: fatal error: 'ac_nonexistent.h' file not found
#include <ac_nonexistent.h>
         ^
1 error generated.
configure:6569: $? = 1
configure: failed program was:
| /* confdefs.h */
| #define PACKAGE_NAME "Protocol Buffers"
| #define PACKAGE_TARNAME "protobuf"
| #define PACKAGE_VERSION "3.2.0"
| #define PACKAGE_STRING "Protocol Buffers 3.2.0"
| #define PACKAGE_BUGREPORT "protobuf@googlegroups.com"
| #define PACKAGE_URL ""
| #define PACKAGE "protobuf"
| #define VERSION "3.2.0"
| /* end confdefs.h.  */
| #include <ac_nonexistent.h>
configure:6611: checking for grep that handles long lines and -e
configure:6669: result: /usr/bin/grep
configure:6674: checking for egrep
configure:6736: result: /usr/bin/grep -E
configure:6741: checking for ANSI C header files
configure:6761: g++ -c   conftest.cpp >&5
configure:6761: $? = 0
configure:6834: g++ -o conftest    conftest.cpp  >&5
configure:6834: $? = 0
configure:6834: ./conftest
configure:6834: $? = 0
configure:6845: result: yes
configure:6858: checking for sys/types.h
configure:6858: g++ -c   conftest.cpp >&5
configure:6858: $? = 0
configure:6858: result: yes
configure:6858: checking for sys/stat.h
configure:6858: g++ -c   conftest.cpp >&5
configure:6858: $? = 0
configure:6858: result: yes
configure:6858: checking for stdlib.h
configure:6858: g++ -c   conftest.cpp >&5
configure:6858: $? = 0
configure:6858: result: yes
configure:6858: checking for string.h
configure:6858: g++ -c   conftest.cpp >&5
configure:6858: $? = 0
configure:6858: result: yes
configure:6858: checking for memory.h
configure:6858: g++ -c   conftest.cpp >&5
configure:6858: $? = 0
configure:6858: result: yes
configure:6858: checking for strings.h
configure:6858: g++ -c   conftest.cpp >&5
configure:6858: $? = 0
configure:6858: result: yes
configure:6858: checking for inttypes.h
configure:6858: g++ -c   conftest.cpp >&5
configure:6858: $? = 0
configure:6858: result: yes
configure:6858: checking for stdint.h
configure:6858: g++ -c   conftest.cpp >&5
configure:6858: $? = 0
configure:6858: result: yes
configure:6858: checking for unistd.h
configure:6858: g++ -c   conftest.cpp >&5
configure:6858: $? = 0
configure:6858: result: yes
configure:6871: checking minix/config.h usability
configure:6871: g++ -c   conftest.cpp >&5
conftest.cpp:54:10: fatal error: 'minix/config.h' file not found
#include <minix/config.h>
         ^
1 error generated.
configure:6871: $? = 1
configure: failed program was:
| /* confdefs.h */
| #define PACKAGE_NAME "Protocol Buffers"
| #define PACKAGE_TARNAME "protobuf"
| #define PACKAGE_VERSION "3.2.0"
| #define PACKAGE_STRING "Protocol Buffers 3.2.0"
| #define PACKAGE_BUGREPORT "protobuf@googlegroups.com"
| #define PACKAGE_URL ""
| #define PACKAGE "protobuf"
| #define VERSION "3.2.0"
| #define STDC_HEADERS 1
| #define HAVE_SYS_TYPES_H 1
| #define HAVE_SYS_STAT_H 1
| #define HAVE_STDLIB_H 1
| #define HAVE_STRING_H 1
| #define HAVE_MEMORY_H 1
| #define HAVE_STRINGS_H 1
| #define HAVE_INTTYPES_H 1
| #define HAVE_STDINT_H 1
| #define HAVE_UNISTD_H 1
| /* end confdefs.h.  */
| #include <stdio.h>
| #ifdef HAVE_SYS_TYPES_H
| # include <sys/types.h>
| #endif
| #ifdef HAVE_SYS_STAT_H
| # include <sys/stat.h>
| #endif
| #ifdef STDC_HEADERS
| # include <stdlib.h>
| # include <stddef.h>
| #else
| # ifdef HAVE_STDLIB_H
| #  include <stdlib.h>
| # endif
| #endif
| #ifdef HAVE_STRING_H
| # if !defined STDC_HEADERS && defined HAVE_MEMORY_H
| #  include <memory.h>
| # endif
| # include <string.h>
| #endif
| #ifdef HAVE_STRINGS_H
| # include <strings.h>
| #endif
| #ifdef HAVE_INTTYPES_H
| # include <inttypes.h>
| #endif
| #ifdef HAVE_STDINT_H
| # include <stdint.h>
| #endif
| #ifdef HAVE_UNISTD_H
| # include <unistd.h>
| #endif
| #include <minix/config.h>
configure:6871: result: no
configure:6871: checking minix/config.h presence
configure:6871: g++ -E  conftest.cpp
conftest.cpp:21:10: fatal error: 'minix/config.h' file not found
#include <minix/config.h>
         ^
1 error generated.
configure:6871: $? = 1
configure: failed program was:
| /* confdefs.h */
| #define PACKAGE_NAME "Protocol Buffers"
| #define PACKAGE_TARNAME "protobuf"
| #define PACKAGE_VERSION "3.2.0"
| #define PACKAGE_STRING "Protocol Buffers 3.2.0"
| #define PACKAGE_BUGREPORT "protobuf@googlegroups.com"
| #define PACKAGE_URL ""
| #define PACKAGE "protobuf"
| #define VERSION "3.2.0"
| #define STDC_HEADERS 1
| #define HAVE_SYS_TYPES_H 1
| #define HAVE_SYS_STAT_H 1
| #define HAVE_STDLIB_H 1
| #define HAVE_STRING_H 1
| #define HAVE_MEMORY_H 1
| #define HAVE_STRINGS_H 1
| #define HAVE_INTTYPES_H 1
| #define HAVE_STDINT_H 1
| #define HAVE_UNISTD_H 1
| /* end confdefs.h.  */
| #include <minix/config.h>
configure:6871: result: no
configure:6871: checking for minix/config.h
configure:6871: result: no
configure:6892: checking whether it is safe to define __EXTENSIONS__
configure:6910: g++ -c   conftest.cpp >&5
configure:6910: $? = 0
configure:6917: result: yes
configure:6986: checking for ar
configure:7002: found /usr/bin/ar
configure:7013: result: ar
configure:7039: checking the archiver (ar) interface
configure:7055: gcc -c   conftest.c >&5
configure:7055: $? = 0
configure:7057: ar cru libconftest.a conftest.o >&5
configure:7060: $? = 0
configure:7088: result: ar
configure:7170: checking for gcc
configure:7186: found /usr/bin/gcc
configure:7197: result: gcc
configure:7222: checking for Objective C compiler version
configure:7231: gcc --version >&5
Apple LLVM version 8.0.0 (clang-800.0.42.1)
Target: x86_64-apple-darwin15.6.0
Thread model: posix
InstalledDir: /Applications/Xcode.app/Contents/Developer/Toolchains/XcodeDefault.xctoolchain/usr/bin
Configured with: --prefix=/Applications/Xcode.app/Contents/Developer/usr --with-gxx-include-dir=/Applications/Xcode.app/Contents/Developer/Platforms/MacOSX.platform/Developer/SDKs/MacOSX10.12.sdk/usr/include/c++/4.2.1
configure:7242: $? = 0
configure:7231: gcc -v >&5
Configured with: --prefix=/Applications/Xcode.app/Contents/Developer/usr --with-gxx-include-dir=/Applications/Xcode.app/Contents/Developer/Platforms/MacOSX.platform/Developer/SDKs/MacOSX10.12.sdk/usr/include/c++/4.2.1
Apple LLVM version 8.0.0 (clang-800.0.42.1)
Target: x86_64-apple-darwin15.6.0
Thread model: posix
InstalledDir: /Applications/Xcode.app/Contents/Developer/Toolchains/XcodeDefault.xctoolchain/usr/bin
configure:7242: $? = 0
configure:7231: gcc -V >&5
clang: error: argument to '-V' is missing (expected 1 value)
clang: error: no input files
configure:7242: $? = 1
configure:7231: gcc -qversion >&5
clang: error: unknown argument: '-qversion'
clang: error: no input files
configure:7242: $? = 1
configure:7246: checking whether we are using the GNU Objective C compiler
configure:7265: gcc -c   conftest.m >&5
configure:7265: $? = 0
configure:7274: result: yes
configure:7283: checking whether gcc accepts -g
configure:7303: gcc -c -g  conftest.m >&5
configure:7303: $? = 0
configure:7344: result: yes
configure:7369: checking dependency style of gcc
configure:7478: result: gcc3
configure:7495: checking C++ compiler flags...
configure:7511: result: use default: -O2  -g -DNDEBUG
configure:7531: checking whether __SUNPRO_CC is declared
configure:7531: g++ -c  -g -DNDEBUG  conftest.cpp >&5
conftest.cpp:64:10: error: use of undeclared identifier '__SUNPRO_CC'
  (void) __SUNPRO_CC;
         ^
1 error generated.
configure:7531: $? = 1
configure: failed program was:
| /* confdefs.h */
| #define PACKAGE_NAME "Protocol Buffers"
| #define PACKAGE_TARNAME "protobuf"
| #define PACKAGE_VERSION "3.2.0"
| #define PACKAGE_STRING "Protocol Buffers 3.2.0"
| #define PACKAGE_BUGREPORT "protobuf@googlegroups.com"
| #define PACKAGE_URL ""
| #define PACKAGE "protobuf"
| #define VERSION "3.2.0"
| #define STDC_HEADERS 1
| #define HAVE_SYS_TYPES_H 1
| #define HAVE_SYS_STAT_H 1
| #define HAVE_STDLIB_H 1
| #define HAVE_STRING_H 1
| #define HAVE_MEMORY_H 1
| #define HAVE_STRINGS_H 1
| #define HAVE_INTTYPES_H 1
| #define HAVE_STDINT_H 1
| #define HAVE_UNISTD_H 1
| #define __EXTENSIONS__ 1
| #define _ALL_SOURCE 1
| #define _GNU_SOURCE 1
| #define _POSIX_PTHREAD_SEMANTICS 1
| #define _TANDEM_SOURCE 1
| /* end confdefs.h.  */
| #include <stdio.h>
| #ifdef HAVE_SYS_TYPES_H
| # include <sys/types.h>
| #endif
| #ifdef HAVE_SYS_STAT_H
| # include <sys/stat.h>
| #endif
| #ifdef STDC_HEADERS
| # include <stdlib.h>
| # include <stddef.h>
| #else
| # ifdef HAVE_STDLIB_H
| #  include <stdlib.h>
| # endif
| #endif
| #ifdef HAVE_STRING_H
| # if !defined STDC_HEADERS && defined HAVE_MEMORY_H
| #  include <memory.h>
| # endif
| # include <string.h>
| #endif
| #ifdef HAVE_STRINGS_H
| # include <strings.h>
| #endif
| #ifdef HAVE_INTTYPES_H
| # include <inttypes.h>
| #endif
| #ifdef HAVE_STDINT_H
| # include <stdint.h>
| #endif
| #ifdef HAVE_UNISTD_H
| # include <unistd.h>
| #endif
| int
| main ()
| {
| #ifndef __SUNPRO_CC
| #ifdef __cplusplus
|   (void) __SUNPRO_CC;
| #else
|   (void) __SUNPRO_CC;
| #endif
| #endif
| 
|   ;
|   return 0;
| }
configure:7531: result: no
configure:7695: checking how to print strings
configure:7722: result: printf
configure:7743: checking for a sed that does not truncate output
configure:7807: result: /usr/bin/sed
configure:7825: checking for fgrep
configure:7887: result: /usr/bin/grep -F
configure:7922: checking for ld used by gcc
configure:7989: result: /Applications/Xcode.app/Contents/Developer/Toolchains/XcodeDefault.xctoolchain/usr/bin/ld
configure:7996: checking if the linker (/Applications/Xcode.app/Contents/Developer/Toolchains/XcodeDefault.xctoolchain/usr/bin/ld) is GNU ld
configure:8011: result: no
configure:8023: checking for BSD- or MS-compatible name lister (nm)
configure:8072: result: /usr/bin/nm -B
configure:8202: checking the name lister (/usr/bin/nm -B) interface
configure:8209: g++ -c  -g -DNDEBUG  conftest.cpp >&5
configure:8212: /usr/bin/nm -B "conftest.o"
configure:8215: output
0000000000000210 S _some_variable
configure:8222: result: BSD nm
configure:8225: checking whether ln -s works
configure:8229: result: yes
configure:8237: checking the maximum length of command line arguments
configure:8368: result: 196608
configure:8385: checking whether the shell understands some XSI constructs
configure:8395: result: yes
configure:8399: checking whether the shell understands "+="
configure:8405: result: yes
configure:8440: checking how to convert x86_64-apple-darwin15.6.0 file names to x86_64-apple-darwin15.6.0 format
configure:8480: result: func_convert_file_noop
configure:8487: checking how to convert x86_64-apple-darwin15.6.0 file names to toolchain format
configure:8507: result: func_convert_file_noop
configure:8514: checking for /Applications/Xcode.app/Contents/Developer/Toolchains/XcodeDefault.xctoolchain/usr/bin/ld option to reload object files
configure:8521: result: -r
configure:8595: checking for objdump
configure:8625: result: no
configure:8654: checking how to recognize dependent libraries
configure:8852: result: pass_all
configure:8937: checking for dlltool
configure:8967: result: no
configure:8997: checking how to associate runtime and link libraries
configure:9024: result: printf %s\n
configure:9148: checking for archiver @FILE support
configure:9165: g++ -c  -g -DNDEBUG  conftest.cpp >&5
configure:9165: $? = 0
configure:9168: ar cru libconftest.a @conftest.lst >&5
ar: @conftest.lst: No such file or directory
configure:9171: $? = 1
configure:9191: result: no
configure:9249: checking for strip
configure:9265: found /usr/bin/strip
configure:9276: result: strip
configure:9348: checking for ranlib
configure:9364: found /usr/bin/ranlib
configure:9375: result: ranlib
configure:9477: checking command to parse /usr/bin/nm -B output from gcc object
configure:9597: g++ -c  -g -DNDEBUG  conftest.cpp >&5
configure:9600: $? = 0
configure:9604: /usr/bin/nm -B conftest.o \| sed -n -e 's/^.*[ ]\([BCDEGRST][BCDEGRST]*\)[ ][ ]*\([_A-Za-z][_A-Za-z0-9]*\)$/\1 \2 \2/p' | sed '/ __gnu_lto/d' \> conftest.nm
configure:9607: $? = 0
cannot find nm_test_var in conftest.nm
configure:9597: g++ -c  -g -DNDEBUG  conftest.cpp >&5
configure:9600: $? = 0
configure:9604: /usr/bin/nm -B conftest.o \| sed -n -e 's/^.*[ ]\([BCDEGRST][BCDEGRST]*\)[ ][ ]*_\([_A-Za-z][_A-Za-z0-9]*\)$/\1 _\2 \2/p' | sed '/ __gnu_lto/d' \> conftest.nm
configure:9607: $? = 0
configure:9673: g++ -o conftest  -g -DNDEBUG   conftest.cpp conftstm.o >&5
configure:9676: $? = 0
configure:9714: result: ok
configure:9751: checking for sysroot
configure:9781: result: no
configure:10050: checking for mt
configure:10080: result: no
configure:10100: checking if : is a manifest tool
configure:10106: : '-?'
configure:10114: result: no
configure:10170: checking for dsymutil
configure:10186: found /usr/bin/dsymutil
configure:10197: result: dsymutil
configure:10262: checking for nmedit
configure:10278: found /usr/bin/nmedit
configure:10289: result: nmedit
configure:10354: checking for lipo
configure:10370: found /usr/bin/lipo
configure:10381: result: lipo
configure:10446: checking for otool
configure:10462: found /usr/bin/otool
configure:10473: result: otool
configure:10538: checking for otool64
configure:10568: result: no
configure:10613: checking for -single_module linker flag
gcc   -o libconftest.dylib -dynamiclib -Wl,-single_module conftest.c
configure:10646: result: yes
configure:10649: checking for -exported_symbols_list linker flag
configure:10669: g++ -o conftest  -g -DNDEBUG   -Wl,-exported_symbols_list,conftest.sym conftest.cpp  >&5
configure:10669: $? = 0
configure:10679: result: yes
configure:10682: checking for -force_load linker flag
gcc  -c -o conftest.o conftest.c
ar cru libconftest.a conftest.o
ranlib libconftest.a
gcc   -o conftest conftest.c -Wl,-force_load,./libconftest.a
configure:10714: result: yes
configure:10753: checking for dlfcn.h
configure:10753: g++ -c  -g -DNDEBUG  conftest.cpp >&5
configure:10753: $? = 0
configure:10753: result: yes
configure:10969: checking for objdir
configure:10984: result: .libs
configure:11255: checking if gcc supports -fno-rtti -fno-exceptions
configure:11273: gcc -c   -fno-rtti -fno-exceptions conftest.c >&5
configure:11277: $? = 0
configure:11290: result: yes
configure:11617: checking for gcc option to produce PIC
configure:11624: result: -fno-common -DPIC
configure:11632: checking if gcc PIC flag -fno-common -DPIC works
configure:11650: gcc -c   -fno-common -DPIC -DPIC conftest.c >&5
configure:11654: $? = 0
configure:11667: result: yes
configure:11696: checking if gcc static flag -static works
configure:11724: result: no
configure:11739: checking if gcc supports -c -o file.o
configure:11760: gcc -c   -o out/conftest2.o conftest.c >&5
configure:11764: $? = 0
configure:11786: result: yes
configure:11794: checking if gcc supports -c -o file.o
configure:11841: result: yes
configure:11874: checking whether the gcc linker (/Applications/Xcode.app/Contents/Developer/Toolchains/XcodeDefault.xctoolchain/usr/bin/ld) supports shared libraries
configure:13031: result: yes
configure:13271: checking dynamic linker characteristics
configure:14005: result: darwin15.6.0 dyld
configure:14112: checking how to hardcode library paths into programs
configure:14137: result: immediate
configure:14677: checking whether stripping libraries is possible
configure:14691: result: yes
configure:14717: checking if libtool supports shared libraries
configure:14719: result: yes
configure:14722: checking whether to build shared libraries
configure:14743: result: yes
configure:14746: checking whether to build static libraries
configure:14750: result: yes
configure:14773: checking how to run the C++ preprocessor
configure:14839: result: g++ -E
configure:14859: g++ -E  conftest.cpp
configure:14859: $? = 0
configure:14873: g++ -E  conftest.cpp
conftest.cpp:28:10: fatal error: 'ac_nonexistent.h' file not found
#include <ac_nonexistent.h>
         ^
1 error generated.
configure:14873: $? = 1
configure: failed program was:
| /* confdefs.h */
| #define PACKAGE_NAME "Protocol Buffers"
| #define PACKAGE_TARNAME "protobuf"
| #define PACKAGE_VERSION "3.2.0"
| #define PACKAGE_STRING "Protocol Buffers 3.2.0"
| #define PACKAGE_BUGREPORT "protobuf@googlegroups.com"
| #define PACKAGE_URL ""
| #define PACKAGE "protobuf"
| #define VERSION "3.2.0"
| #define STDC_HEADERS 1
| #define HAVE_SYS_TYPES_H 1
| #define HAVE_SYS_STAT_H 1
| #define HAVE_STDLIB_H 1
| #define HAVE_STRING_H 1
| #define HAVE_MEMORY_H 1
| #define HAVE_STRINGS_H 1
| #define HAVE_INTTYPES_H 1
| #define HAVE_STDINT_H 1
| #define HAVE_UNISTD_H 1
| #define __EXTENSIONS__ 1
| #define _ALL_SOURCE 1
| #define _GNU_SOURCE 1
| #define _POSIX_PTHREAD_SEMANTICS 1
| #define _TANDEM_SOURCE 1
| #define HAVE_DLFCN_H 1
| #define LT_OBJDIR ".libs/"
| /* end confdefs.h.  */
| #include <ac_nonexistent.h>
configure:15042: checking for ld used by g++
configure:15109: result: /Applications/Xcode.app/Contents/Developer/Toolchains/XcodeDefault.xctoolchain/usr/bin/ld
configure:15116: checking if the linker (/Applications/Xcode.app/Contents/Developer/Toolchains/XcodeDefault.xctoolchain/usr/bin/ld) is GNU ld
configure:15131: result: no
configure:15186: checking whether the g++ linker (/Applications/Xcode.app/Contents/Developer/Toolchains/XcodeDefault.xctoolchain/usr/bin/ld) supports shared libraries
configure:16188: result: yes
configure:16224: g++ -c  -g -DNDEBUG  conftest.cpp >&5
configure:16227: $? = 0
configure:16747: checking for g++ option to produce PIC
configure:16754: result: -fno-common -DPIC
configure:16762: checking if g++ PIC flag -fno-common -DPIC works
configure:16780: g++ -c  -g -DNDEBUG  -fno-common -DPIC -DPIC conftest.cpp >&5
configure:16784: $? = 0
configure:16797: result: yes
configure:16820: checking if g++ static flag -static works
configure:16848: result: no
configure:16860: checking if g++ supports -c -o file.o
configure:16881: g++ -c  -g -DNDEBUG  -o out/conftest2.o conftest.cpp >&5
configure:16885: $? = 0
configure:16907: result: yes
configure:16912: checking if g++ supports -c -o file.o
configure:16959: result: yes
configure:16989: checking whether the g++ linker (/Applications/Xcode.app/Contents/Developer/Toolchains/XcodeDefault.xctoolchain/usr/bin/ld) supports shared libraries
configure:17028: result: yes
configure:17169: checking dynamic linker characteristics
configure:17837: result: darwin15.6.0 dyld
configure:17890: checking how to hardcode library paths into programs
configure:17915: result: immediate
configure:17978: checking for ANSI C header files
configure:18082: result: yes
configure:18093: checking fcntl.h usability
configure:18093: g++ -c  -g -DNDEBUG  conftest.cpp >&5
configure:18093: $? = 0
configure:18093: result: yes
configure:18093: checking fcntl.h presence
configure:18093: g++ -E  conftest.cpp
configure:18093: $? = 0
configure:18093: result: yes
configure:18093: checking for fcntl.h
configure:18093: result: yes
configure:18093: checking for inttypes.h
configure:18093: result: yes
configure:18093: checking limits.h usability
configure:18093: g++ -c  -g -DNDEBUG  conftest.cpp >&5
configure:18093: $? = 0
configure:18093: result: yes
configure:18093: checking limits.h presence
configure:18093: g++ -E  conftest.cpp
configure:18093: $? = 0
configure:18093: result: yes
configure:18093: checking for limits.h
configure:18093: result: yes
configure:18093: checking for stdlib.h
configure:18093: result: yes
configure:18093: checking for unistd.h
configure:18093: result: yes
configure:18105: checking for working memcmp
configure:18148: g++ -o conftest  -g -DNDEBUG   conftest.cpp  >&5
configure:18148: $? = 0
configure:18148: ./conftest
configure:18148: $? = 0
configure:18158: result: yes
configure:18167: checking for working strtod
configure:18208: g++ -o conftest  -g -DNDEBUG   conftest.cpp  >&5
conftest.cpp:76:20: warning: conversion from string literal to 'char *' is deprecated [-Wc++11-compat-deprecated-writable-strings]
    char *string = " +69";
                   ^
conftest.cpp:87:20: warning: conversion from string literal to 'char *' is deprecated [-Wc++11-compat-deprecated-writable-strings]
    char *string = "NaN";
                   ^
2 warnings generated.
configure:18208: $? = 0
configure:18208: ./conftest
configure:18208: $? = 0
configure:18218: result: yes
configure:18283: checking for ftruncate
configure:18283: g++ -o conftest  -g -DNDEBUG   conftest.cpp  >&5
configure:18283: $? = 0
configure:18283: result: yes
configure:18283: checking for memset
configure:18283: g++ -o conftest  -g -DNDEBUG   conftest.cpp  >&5
configure:18283: $? = 0
configure:18283: result: yes
configure:18283: checking for mkdir
configure:18283: g++ -o conftest  -g -DNDEBUG   conftest.cpp  >&5
configure:18283: $? = 0
configure:18283: result: yes
configure:18283: checking for strchr
configure:18283: g++ -o conftest  -g -DNDEBUG   conftest.cpp  >&5
configure:18283: $? = 0
configure:18283: result: yes
configure:18283: checking for strerror
configure:18283: g++ -o conftest  -g -DNDEBUG   conftest.cpp  >&5
configure:18283: $? = 0
configure:18283: result: yes
configure:18283: checking for strtol
configure:18283: g++ -o conftest  -g -DNDEBUG   conftest.cpp  >&5
configure:18283: $? = 0
configure:18283: result: yes
configure:18297: checking zlib version
configure:18317: g++ -c  -g -DNDEBUG  conftest.cpp >&5
configure:18317: $? = 0
configure:18319: result: ok (1.2.0.4 or later)
configure:18323: checking for library containing zlibVersion
configure:18354: g++ -o conftest  -g -DNDEBUG   conftest.cpp  >&5
Undefined symbols for architecture x86_64:
  "_zlibVersion", referenced from:
      _main in conftest-fd45fd.o
ld: symbol(s) not found for architecture x86_64
clang: error: linker command failed with exit code 1 (use -v to see invocation)
configure:18354: $? = 1
configure: failed program was:
| /* confdefs.h */
| #define PACKAGE_NAME "Protocol Buffers"
| #define PACKAGE_TARNAME "protobuf"
| #define PACKAGE_VERSION "3.2.0"
| #define PACKAGE_STRING "Protocol Buffers 3.2.0"
| #define PACKAGE_BUGREPORT "protobuf@googlegroups.com"
| #define PACKAGE_URL ""
| #define PACKAGE "protobuf"
| #define VERSION "3.2.0"
| #define STDC_HEADERS 1
| #define HAVE_SYS_TYPES_H 1
| #define HAVE_SYS_STAT_H 1
| #define HAVE_STDLIB_H 1
| #define HAVE_STRING_H 1
| #define HAVE_MEMORY_H 1
| #define HAVE_STRINGS_H 1
| #define HAVE_INTTYPES_H 1
| #define HAVE_STDINT_H 1
| #define HAVE_UNISTD_H 1
| #define __EXTENSIONS__ 1
| #define _ALL_SOURCE 1
| #define _GNU_SOURCE 1
| #define _POSIX_PTHREAD_SEMANTICS 1
| #define _TANDEM_SOURCE 1
| #define HAVE_DLFCN_H 1
| #define LT_OBJDIR ".libs/"
| #define STDC_HEADERS 1
| #define HAVE_FCNTL_H 1
| #define HAVE_INTTYPES_H 1
| #define HAVE_LIMITS_H 1
| #define HAVE_STDLIB_H 1
| #define HAVE_UNISTD_H 1
| #define HAVE_FTRUNCATE 1
| #define HAVE_MEMSET 1
| #define HAVE_MKDIR 1
| #define HAVE_STRCHR 1
| #define HAVE_STRERROR 1
| #define HAVE_STRTOL 1
| /* end confdefs.h.  */
| 
| /* Override any GCC internal prototype to avoid an error.
|    Use char because int might match the return type of a GCC
|    builtin and then its argument prototype would still apply.  */
| #ifdef __cplusplus
| extern "C"
| #endif
| char zlibVersion ();
| int
| main ()
| {
| return zlibVersion ();
|   ;
|   return 0;
| }
configure:18354: g++ -o conftest  -g -DNDEBUG   conftest.cpp -lz   >&5
configure:18354: $? = 0
configure:18371: result: -lz
configure:18622: checking for the pthreads library -lpthreads
configure:18655: gcc -o conftest     conftest.c -lpthreads -lz  >&5
conftest.c:46:41: warning: null passed to a callee that requires a non-null argument [-Wnonnull]
                     pthread_attr_init(0); pthread_cleanup_push(0, 0);
                                       ~^
conftest.c:47:44: warning: null passed to a callee that requires a non-null argument [-Wnonnull]
                     pthread_create(0,0,0,0); pthread_cleanup_pop(0);
                                    ~      ^
conftest.c:47:44: warning: null passed to a callee that requires a non-null argument [-Wnonnull]
                     pthread_create(0,0,0,0); pthread_cleanup_pop(0);
                                        ~  ^
3 warnings generated.
ld: library not found for -lpthreads
clang: error: linker command failed with exit code 1 (use -v to see invocation)
configure:18655: $? = 1
configure: failed program was:
| /* confdefs.h */
| #define PACKAGE_NAME "Protocol Buffers"
| #define PACKAGE_TARNAME "protobuf"
| #define PACKAGE_VERSION "3.2.0"
| #define PACKAGE_STRING "Protocol Buffers 3.2.0"
| #define PACKAGE_BUGREPORT "protobuf@googlegroups.com"
| #define PACKAGE_URL ""
| #define PACKAGE "protobuf"
| #define VERSION "3.2.0"
| #define STDC_HEADERS 1
| #define HAVE_SYS_TYPES_H 1
| #define HAVE_SYS_STAT_H 1
| #define HAVE_STDLIB_H 1
| #define HAVE_STRING_H 1
| #define HAVE_MEMORY_H 1
| #define HAVE_STRINGS_H 1
| #define HAVE_INTTYPES_H 1
| #define HAVE_STDINT_H 1
| #define HAVE_UNISTD_H 1
| #define __EXTENSIONS__ 1
| #define _ALL_SOURCE 1
| #define _GNU_SOURCE 1
| #define _POSIX_PTHREAD_SEMANTICS 1
| #define _TANDEM_SOURCE 1
| #define HAVE_DLFCN_H 1
| #define LT_OBJDIR ".libs/"
| #define STDC_HEADERS 1
| #define HAVE_FCNTL_H 1
| #define HAVE_INTTYPES_H 1
| #define HAVE_LIMITS_H 1
| #define HAVE_STDLIB_H 1
| #define HAVE_UNISTD_H 1
| #define HAVE_FTRUNCATE 1
| #define HAVE_MEMSET 1
| #define HAVE_MKDIR 1
| #define HAVE_STRCHR 1
| #define HAVE_STRERROR 1
| #define HAVE_STRTOL 1
| #define HAVE_ZLIB 1
| /* end confdefs.h.  */
| #include <pthread.h>
| int
| main ()
| {
| pthread_t th; pthread_join(th, 0);
|                      pthread_attr_init(0); pthread_cleanup_push(0, 0);
|                      pthread_create(0,0,0,0); pthread_cleanup_pop(0);
|   ;
|   return 0;
| }
configure:18664: result: no
configure:18567: checking whether pthreads work without any flags
configure:18655: gcc -o conftest     conftest.c  -lz  >&5
conftest.c:46:41: warning: null passed to a callee that requires a non-null argument [-Wnonnull]
                     pthread_attr_init(0); pthread_cleanup_push(0, 0);
                                       ~^
conftest.c:47:44: warning: null passed to a callee that requires a non-null argument [-Wnonnull]
                     pthread_create(0,0,0,0); pthread_cleanup_pop(0);
                                    ~      ^
conftest.c:47:44: warning: null passed to a callee that requires a non-null argument [-Wnonnull]
                     pthread_create(0,0,0,0); pthread_cleanup_pop(0);
                                        ~  ^
3 warnings generated.
configure:18655: $? = 0
configure:18664: result: yes
configure:18683: checking for joinable pthread attribute
configure:18698: gcc -o conftest     conftest.c  -lz  >&5
configure:18698: $? = 0
configure:18704: result: PTHREAD_CREATE_JOINABLE
configure:18714: checking if more special flags are required for pthreads
configure:18721: result: -D_THREAD_SAFE
configure:18810: checking whether to check for GCC pthread/shared inconsistencies
configure:18823: gcc -o conftest -shared -fPIC -Wl,-z,defs  -D_THREAD_SAFE    conftest.c  -lz  >&5
ld: unknown option: -z
clang: error: linker command failed with exit code 1 (use -v to see invocation)
configure:18823: $? = 1
configure: failed program was:
| /* confdefs.h */
| #define PACKAGE_NAME "Protocol Buffers"
| #define PACKAGE_TARNAME "protobuf"
| #define PACKAGE_VERSION "3.2.0"
| #define PACKAGE_STRING "Protocol Buffers 3.2.0"
| #define PACKAGE_BUGREPORT "protobuf@googlegroups.com"
| #define PACKAGE_URL ""
| #define PACKAGE "protobuf"
| #define VERSION "3.2.0"
| #define STDC_HEADERS 1
| #define HAVE_SYS_TYPES_H 1
| #define HAVE_SYS_STAT_H 1
| #define HAVE_STDLIB_H 1
| #define HAVE_STRING_H 1
| #define HAVE_MEMORY_H 1
| #define HAVE_STRINGS_H 1
| #define HAVE_INTTYPES_H 1
| #define HAVE_STDINT_H 1
| #define HAVE_UNISTD_H 1
| #define __EXTENSIONS__ 1
| #define _ALL_SOURCE 1
| #define _GNU_SOURCE 1
| #define _POSIX_PTHREAD_SEMANTICS 1
| #define _TANDEM_SOURCE 1
| #define HAVE_DLFCN_H 1
| #define LT_OBJDIR ".libs/"
| #define STDC_HEADERS 1
| #define HAVE_FCNTL_H 1
| #define HAVE_INTTYPES_H 1
| #define HAVE_LIMITS_H 1
| #define HAVE_STDLIB_H 1
| #define HAVE_UNISTD_H 1
| #define HAVE_FTRUNCATE 1
| #define HAVE_MEMSET 1
| #define HAVE_MKDIR 1
| #define HAVE_STRCHR 1
| #define HAVE_STRERROR 1
| #define HAVE_STRTOL 1
| #define HAVE_ZLIB 1
| /* end confdefs.h.  */
| 
| int
| main ()
| {
| 
|   ;
|   return 0;
| }
configure:18832: result: no
configure:18951: checking whether what we have so far is sufficient with -nostdlib
configure:18969: gcc -o conftest -nostdlib -shared -fPIC -Wl,-z,defs  -D_THREAD_SAFE    conftest.c  -lz  -lc >&5
conftest.c:46:28: warning: null passed to a callee that requires a non-null argument [-Wnonnull]
               pthread_attr_init(0); pthread_cleanup_push(0, 0);
                                 ~^
conftest.c:47:31: warning: null passed to a callee that requires a non-null argument [-Wnonnull]
               pthread_create(0,0,0,0); pthread_cleanup_pop(0);
                              ~      ^
conftest.c:47:31: warning: null passed to a callee that requires a non-null argument [-Wnonnull]
               pthread_create(0,0,0,0); pthread_cleanup_pop(0);
                                  ~  ^
3 warnings generated.
ld: unknown option: -z
clang: error: linker command failed with exit code 1 (use -v to see invocation)
configure:18969: $? = 1
configure: failed program was:
| /* confdefs.h */
| #define PACKAGE_NAME "Protocol Buffers"
| #define PACKAGE_TARNAME "protobuf"
| #define PACKAGE_VERSION "3.2.0"
| #define PACKAGE_STRING "Protocol Buffers 3.2.0"
| #define PACKAGE_BUGREPORT "protobuf@googlegroups.com"
| #define PACKAGE_URL ""
| #define PACKAGE "protobuf"
| #define VERSION "3.2.0"
| #define STDC_HEADERS 1
| #define HAVE_SYS_TYPES_H 1
| #define HAVE_SYS_STAT_H 1
| #define HAVE_STDLIB_H 1
| #define HAVE_STRING_H 1
| #define HAVE_MEMORY_H 1
| #define HAVE_STRINGS_H 1
| #define HAVE_INTTYPES_H 1
| #define HAVE_STDINT_H 1
| #define HAVE_UNISTD_H 1
| #define __EXTENSIONS__ 1
| #define _ALL_SOURCE 1
| #define _GNU_SOURCE 1
| #define _POSIX_PTHREAD_SEMANTICS 1
| #define _TANDEM_SOURCE 1
| #define HAVE_DLFCN_H 1
| #define LT_OBJDIR ".libs/"
| #define STDC_HEADERS 1
| #define HAVE_FCNTL_H 1
| #define HAVE_INTTYPES_H 1
| #define HAVE_LIMITS_H 1
| #define HAVE_STDLIB_H 1
| #define HAVE_UNISTD_H 1
| #define HAVE_FTRUNCATE 1
| #define HAVE_MEMSET 1
| #define HAVE_MKDIR 1
| #define HAVE_STRCHR 1
| #define HAVE_STRERROR 1
| #define HAVE_STRTOL 1
| #define HAVE_ZLIB 1
| /* end confdefs.h.  */
| #include <pthread.h>
| int
| main ()
| {
| pthread_t th; pthread_join(th, 0);
| 	       pthread_attr_init(0); pthread_cleanup_push(0, 0);
| 	       pthread_create(0,0,0,0); pthread_cleanup_pop(0);
|   ;
|   return 0;
| }
configure:18981: result: no
configure:18986: checking whether -lpthread saves the day
configure:19002: gcc -o conftest -nostdlib -shared -fPIC -Wl,-z,defs  -D_THREAD_SAFE    conftest.c -lpthread  -lz  -lc >&5
conftest.c:46:28: warning: null passed to a callee that requires a non-null argument [-Wnonnull]
               pthread_attr_init(0); pthread_cleanup_push(0, 0);
                                 ~^
conftest.c:47:31: warning: null passed to a callee that requires a non-null argument [-Wnonnull]
               pthread_create(0,0,0,0); pthread_cleanup_pop(0);
                              ~      ^
conftest.c:47:31: warning: null passed to a callee that requires a non-null argument [-Wnonnull]
               pthread_create(0,0,0,0); pthread_cleanup_pop(0);
                                  ~  ^
3 warnings generated.
ld: unknown option: -z
clang: error: linker command failed with exit code 1 (use -v to see invocation)
configure:19002: $? = 1
configure: failed program was:
| /* confdefs.h */
| #define PACKAGE_NAME "Protocol Buffers"
| #define PACKAGE_TARNAME "protobuf"
| #define PACKAGE_VERSION "3.2.0"
| #define PACKAGE_STRING "Protocol Buffers 3.2.0"
| #define PACKAGE_BUGREPORT "protobuf@googlegroups.com"
| #define PACKAGE_URL ""
| #define PACKAGE "protobuf"
| #define VERSION "3.2.0"
| #define STDC_HEADERS 1
| #define HAVE_SYS_TYPES_H 1
| #define HAVE_SYS_STAT_H 1
| #define HAVE_STDLIB_H 1
| #define HAVE_STRING_H 1
| #define HAVE_MEMORY_H 1
| #define HAVE_STRINGS_H 1
| #define HAVE_INTTYPES_H 1
| #define HAVE_STDINT_H 1
| #define HAVE_UNISTD_H 1
| #define __EXTENSIONS__ 1
| #define _ALL_SOURCE 1
| #define _GNU_SOURCE 1
| #define _POSIX_PTHREAD_SEMANTICS 1
| #define _TANDEM_SOURCE 1
| #define HAVE_DLFCN_H 1
| #define LT_OBJDIR ".libs/"
| #define STDC_HEADERS 1
| #define HAVE_FCNTL_H 1
| #define HAVE_INTTYPES_H 1
| #define HAVE_LIMITS_H 1
| #define HAVE_STDLIB_H 1
| #define HAVE_UNISTD_H 1
| #define HAVE_FTRUNCATE 1
| #define HAVE_MEMSET 1
| #define HAVE_MKDIR 1
| #define HAVE_STRCHR 1
| #define HAVE_STRERROR 1
| #define HAVE_STRTOL 1
| #define HAVE_ZLIB 1
| /* end confdefs.h.  */
| #include <pthread.h>
| int
| main ()
| {
| pthread_t th; pthread_join(th, 0);
| 	       pthread_attr_init(0); pthread_cleanup_push(0, 0);
| 	       pthread_create(0,0,0,0); pthread_cleanup_pop(0);
|   ;
|   return 0;
| }
configure:19015: result: no
configure:19017: WARNING: Impossible to determine how to use pthreads with shared libraries and -nostdlib
configure:19061: checking the location of hash_map
configure:19087: g++ -c  -g -DNDEBUG  conftest.cpp >&5
configure:19087: $? = 0
configure:19109: g++ -c  -g -DNDEBUG  conftest.cpp >&5
configure:19109: $? = 0
configure:19176: result: <unordered_map>
configure:19191: checking for library containing sched_yield
configure:19222: g++ -o conftest  -g -DNDEBUG   conftest.cpp -lz  >&5
configure:19222: $? = 0
configure:19239: result: none required
configure:19278: checking whether g++ supports C++11 features by default
configure:19572: g++ -c  -g -DNDEBUG  conftest.cpp >&5
conftest.cpp:60:2: error: "This is not a C++11 compiler"
#error "This is not a C++11 compiler"
 ^
1 error generated.
configure:19572: $? = 1
configure: failed program was:
| /* confdefs.h */
| #define PACKAGE_NAME "Protocol Buffers"
| #define PACKAGE_TARNAME "protobuf"
| #define PACKAGE_VERSION "3.2.0"
| #define PACKAGE_STRING "Protocol Buffers 3.2.0"
| #define PACKAGE_BUGREPORT "protobuf@googlegroups.com"
| #define PACKAGE_URL ""
| #define PACKAGE "protobuf"
| #define VERSION "3.2.0"
| #define STDC_HEADERS 1
| #define HAVE_SYS_TYPES_H 1
| #define HAVE_SYS_STAT_H 1
| #define HAVE_STDLIB_H 1
| #define HAVE_STRING_H 1
| #define HAVE_MEMORY_H 1
| #define HAVE_STRINGS_H 1
| #define HAVE_INTTYPES_H 1
| #define HAVE_STDINT_H 1
| #define HAVE_UNISTD_H 1
| #define __EXTENSIONS__ 1
| #define _ALL_SOURCE 1
| #define _GNU_SOURCE 1
| #define _POSIX_PTHREAD_SEMANTICS 1
| #define _TANDEM_SOURCE 1
| #define HAVE_DLFCN_H 1
| #define LT_OBJDIR ".libs/"
| #define STDC_HEADERS 1
| #define HAVE_FCNTL_H 1
| #define HAVE_INTTYPES_H 1
| #define HAVE_LIMITS_H 1
| #define HAVE_STDLIB_H 1
| #define HAVE_UNISTD_H 1
| #define HAVE_FTRUNCATE 1
| #define HAVE_MEMSET 1
| #define HAVE_MKDIR 1
| #define HAVE_STRCHR 1
| #define HAVE_STRERROR 1
| #define HAVE_STRTOL 1
| #define HAVE_ZLIB 1
| #define HAVE_PTHREAD 1
| #define HAVE_HASH_MAP 1
| #define HAVE_HASH_SET 1
| #define HASH_MAP_H <unordered_map>
| #define HASH_SET_H <unordered_set>
| #define HASH_NAMESPACE std
| #define HASH_MAP_CLASS unordered_map
| #define HASH_SET_CLASS unordered_set
| /* end confdefs.h.  */
| 
| 
| // If the compiler admits that it is not ready for C++11, why torture it?
| // Hopefully, this will speed up the test.
| 
| #ifndef __cplusplus
| 
| #error "This is not a C++ compiler"
| 
| #elif __cplusplus < 201103L
| 
| #error "This is not a C++11 compiler"
| 
| #else
| 
| namespace cxx11
| {
| 
|   namespace test_static_assert
|   {
| 
|     template <typename T>
|     struct check
|     {
|       static_assert(sizeof(int) <= sizeof(T), "not big enough");
|     };
| 
|   }
| 
|   namespace test_final_override
|   {
| 
|     struct Base
|     {
|       virtual void f() {}
|     };
| 
|     struct Derived : public Base
|     {
|       virtual void f() override {}
|     };
| 
|   }
| 
|   namespace test_double_right_angle_brackets
|   {
| 
|     template < typename T >
|     struct check {};
| 
|     typedef check<void> single_type;
|     typedef check<check<void>> double_type;
|     typedef check<check<check<void>>> triple_type;
|     typedef check<check<check<check<void>>>> quadruple_type;
| 
|   }
| 
|   namespace test_decltype
|   {
| 
|     int
|     f()
|     {
|       int a = 1;
|       decltype(a) b = 2;
|       return a + b;
|     }
| 
|   }
| 
|   namespace test_type_deduction
|   {
| 
|     template < typename T1, typename T2 >
|     struct is_same
|     {
|       static const bool value = false;
|     };
| 
|     template < typename T >
|     struct is_same<T, T>
|     {
|       static const bool value = true;
|     };
| 
|     template < typename T1, typename T2 >
|     auto
|     add(T1 a1, T2 a2) -> decltype(a1 + a2)
|     {
|       return a1 + a2;
|     }
| 
|     int
|     test(const int c, volatile int v)
|     {
|       static_assert(is_same<int, decltype(0)>::value == true, "");
|       static_assert(is_same<int, decltype(c)>::value == false, "");
|       static_assert(is_same<int, decltype(v)>::value == false, "");
|       auto ac = c;
|       auto av = v;
|       auto sumi = ac + av + 'x';
|       auto sumf = ac + av + 1.0;
|       static_assert(is_same<int, decltype(ac)>::value == true, "");
|       static_assert(is_same<int, decltype(av)>::value == true, "");
|       static_assert(is_same<int, decltype(sumi)>::value == true, "");
|       static_assert(is_same<int, decltype(sumf)>::value == false, "");
|       static_assert(is_same<int, decltype(add(c, v))>::value == true, "");
|       return (sumf > 0.0) ? sumi : add(c, v);
|     }
| 
|   }
| 
|   namespace test_noexcept
|   {
| 
|     int f() { return 0; }
|     int g() noexcept { return 0; }
| 
|     static_assert(noexcept(f()) == false, "");
|     static_assert(noexcept(g()) == true, "");
| 
|   }
| 
|   namespace test_constexpr
|   {
| 
|     template < typename CharT >
|     unsigned long constexpr
|     strlen_c_r(const CharT *const s, const unsigned long acc) noexcept
|     {
|       return *s ? strlen_c_r(s + 1, acc + 1) : acc;
|     }
| 
|     template < typename CharT >
|     unsigned long constexpr
|     strlen_c(const CharT *const s) noexcept
|     {
|       return strlen_c_r(s, 0UL);
|     }
| 
|     static_assert(strlen_c("") == 0UL, "");
|     static_assert(strlen_c("1") == 1UL, "");
|     static_assert(strlen_c("example") == 7UL, "");
|     static_assert(strlen_c("another\0example") == 7UL, "");
| 
|   }
| 
|   namespace test_rvalue_references
|   {
| 
|     template < int N >
|     struct answer
|     {
|       static constexpr int value = N;
|     };
| 
|     answer<1> f(int&)       { return answer<1>(); }
|     answer<2> f(const int&) { return answer<2>(); }
|     answer<3> f(int&&)      { return answer<3>(); }
| 
|     void
|     test()
|     {
|       int i = 0;
|       const int c = 0;
|       static_assert(decltype(f(i))::value == 1, "");
|       static_assert(decltype(f(c))::value == 2, "");
|       static_assert(decltype(f(0))::value == 3, "");
|     }
| 
|   }
| 
|   namespace test_uniform_initialization
|   {
| 
|     struct test
|     {
|       static const int zero {};
|       static const int one {1};
|     };
| 
|     static_assert(test::zero == 0, "");
|     static_assert(test::one == 1, "");
| 
|   }
| 
|   namespace test_lambdas
|   {
| 
|     void
|     test1()
|     {
|       auto lambda1 = [](){};
|       auto lambda2 = lambda1;
|       lambda1();
|       lambda2();
|     }
| 
|     int
|     test2()
|     {
|       auto a = [](int i, int j){ return i + j; }(1, 2);
|       auto b = []() -> int { return '0'; }();
|       auto c = [=](){ return a + b; }();
|       auto d = [&](){ return c; }();
|       auto e = [a, &b](int x) mutable {
|         const auto identity = [](int y){ return y; };
|         for (auto i = 0; i < a; ++i)
|           a += b--;
|         return x + identity(a + b);
|       }(0);
|       return a + b + c + d + e;
|     }
| 
|     int
|     test3()
|     {
|       const auto nullary = [](){ return 0; };
|       const auto unary = [](int x){ return x; };
|       using nullary_t = decltype(nullary);
|       using unary_t = decltype(unary);
|       const auto higher1st = [](nullary_t f){ return f(); };
|       const auto higher2nd = [unary](nullary_t f1){
|         return [unary, f1](unary_t f2){ return f2(unary(f1())); };
|       };
|       return higher1st(nullary) + higher2nd(nullary)(unary);
|     }
| 
|   }
| 
|   namespace test_variadic_templates
|   {
| 
|     template <int...>
|     struct sum;
| 
|     template <int N0, int... N1toN>
|     struct sum<N0, N1toN...>
|     {
|       static constexpr auto value = N0 + sum<N1toN...>::value;
|     };
| 
|     template <>
|     struct sum<>
|     {
|       static constexpr auto value = 0;
|     };
| 
|     static_assert(sum<>::value == 0, "");
|     static_assert(sum<1>::value == 1, "");
|     static_assert(sum<23>::value == 23, "");
|     static_assert(sum<1, 2>::value == 3, "");
|     static_assert(sum<5, 5, 11>::value == 21, "");
|     static_assert(sum<2, 3, 5, 7, 11, 13>::value == 41, "");
| 
|   }
| 
|   // http://stackoverflow.com/questions/13728184/template-aliases-and-sfinae
|   // Clang 3.1 fails with headers of libstd++ 4.8.3 when using std::function
|   // because of this.
|   namespace test_template_alias_sfinae
|   {
| 
|     struct foo {};
| 
|     template<typename T>
|     using member = typename T::member_type;
| 
|     template<typename T>
|     void func(...) {}
| 
|     template<typename T>
|     void func(member<T>*) {}
| 
|     void test();
| 
|     void test() { func<foo>(0); }
| 
|   }
| 
| }  // namespace cxx11
| 
| #endif  // __cplusplus >= 201103L
| 
| 
| 
configure:19579: result: no
configure:19591: checking whether g++ supports C++11 features with -std=c++11
configure:19887: g++ -std=c++11 -c  -g -DNDEBUG  conftest.cpp >&5
configure:19887: $? = 0
configure:19896: result: yes
configure:20062: checking that generated files are newer than configure
configure:20068: result: done
configure:20127: creating ./config.status

## ---------------------- ##
## Running config.status. ##
## ---------------------- ##

This file was extended by Protocol Buffers config.status 3.2.0, which was
generated by GNU Autoconf 2.69.  Invocation command line was

  CONFIG_FILES    = 
  CONFIG_HEADERS  = 
  CONFIG_LINKS    = 
  CONFIG_COMMANDS = 
  $ ./config.status 

on heyuhandeMacBook-Pro.local

config.status:1219: creating Makefile
config.status:1219: creating src/Makefile
config.status:1219: creating benchmarks/Makefile
config.status:1219: creating conformance/Makefile
config.status:1219: creating protobuf.pc
config.status:1219: creating protobuf-lite.pc
config.status:1219: creating config.h
config.status:1448: executing depfiles commands
config.status:1448: executing libtool commands
configure:22687: === configuring in gmock (/Users/heyuhan/Desktop/FVU/fvu_client/frameworks/protobuf-3.2.0/gmock)
configure:22750: running /bin/sh ./configure --disable-option-checking '--prefix=/usr/local'  --cache-file=/dev/null --srcdir=.

## ---------------- ##
## Cache variables. ##
## ---------------- ##

ac_cv_build=x86_64-apple-darwin15.6.0
ac_cv_build_prog_CPP='gcc -E'
ac_cv_build_prog_CXXCPP='g++ -E'
ac_cv_build_prog_cc_g=yes
ac_cv_build_prog_cxx_g=yes
ac_cv_c_compiler_gnu=yes
ac_cv_cxx_compiler_gnu=yes
ac_cv_cxx_hash_map='<unordered_map>'
ac_cv_cxx_hash_map_class=unordered_map
ac_cv_cxx_hash_namespace=std
ac_cv_cxx_hash_set='<unordered_set>'
ac_cv_cxx_hash_set_class=unordered_set
ac_cv_env_CCC_set=
ac_cv_env_CCC_value=
ac_cv_env_CC_set=
ac_cv_env_CC_value=
ac_cv_env_CFLAGS_set=
ac_cv_env_CFLAGS_value=
ac_cv_env_CPPFLAGS_set=
ac_cv_env_CPPFLAGS_value=
ac_cv_env_CPP_set=
ac_cv_env_CPP_value=
ac_cv_env_CXXCPP_set=
ac_cv_env_CXXCPP_value=
ac_cv_env_CXXFLAGS_set=
ac_cv_env_CXXFLAGS_value=
ac_cv_env_CXX_set=
ac_cv_env_CXX_value=
ac_cv_env_DIST_LANG_set=
ac_cv_env_DIST_LANG_value=
ac_cv_env_LDFLAGS_set=
ac_cv_env_LDFLAGS_value=
ac_cv_env_LIBS_set=
ac_cv_env_LIBS_value=
ac_cv_env_OBJCFLAGS_set=
ac_cv_env_OBJCFLAGS_value=
ac_cv_env_OBJC_set=
ac_cv_env_OBJC_value=
ac_cv_env_build_alias_set=
ac_cv_env_build_alias_value=
ac_cv_env_host_alias_set=
ac_cv_env_host_alias_value=
ac_cv_env_target_alias_set=
ac_cv_env_target_alias_value=
ac_cv_func_ftruncate=yes
ac_cv_func_memcmp_working=yes
ac_cv_func_memset=yes
ac_cv_func_mkdir=yes
ac_cv_func_strchr=yes
ac_cv_func_strerror=yes
ac_cv_func_strtod=yes
ac_cv_func_strtol=yes
ac_cv_have_decl___SUNPRO_CC=no
ac_cv_header_dlfcn_h=yes
ac_cv_header_fcntl_h=yes
ac_cv_header_inttypes_h=yes
ac_cv_header_limits_h=yes
ac_cv_header_memory_h=yes
ac_cv_header_minix_config_h=no
ac_cv_header_stdc=yes
ac_cv_header_stdint_h=yes
ac_cv_header_stdlib_h=yes
ac_cv_header_string_h=yes
ac_cv_header_strings_h=yes
ac_cv_header_sys_stat_h=yes
ac_cv_header_sys_types_h=yes
ac_cv_header_unistd_h=yes
ac_cv_host=x86_64-apple-darwin15.6.0
ac_cv_objc_compiler_gnu=yes
ac_cv_objext=o
ac_cv_path_EGREP='/usr/bin/grep -E'
ac_cv_path_FGREP='/usr/bin/grep -F'
ac_cv_path_GREP=/usr/bin/grep
ac_cv_path_SED=/usr/bin/sed
ac_cv_path_install='/usr/bin/install -c'
ac_cv_prog_AWK=awk
ac_cv_prog_CPP='gcc -E'
ac_cv_prog_CXXCPP='g++ -E'
ac_cv_prog_ac_ct_AR=ar
ac_cv_prog_ac_ct_CC=gcc
ac_cv_prog_ac_ct_CC_FOR_BUILD=gcc
ac_cv_prog_ac_ct_CXX=g++
ac_cv_prog_ac_ct_CXX_FOR_BUILD=g++
ac_cv_prog_ac_ct_DSYMUTIL=dsymutil
ac_cv_prog_ac_ct_LIPO=lipo
ac_cv_prog_ac_ct_NMEDIT=nmedit
ac_cv_prog_ac_ct_OBJC=gcc
ac_cv_prog_ac_ct_OTOOL=otool
ac_cv_prog_ac_ct_RANLIB=ranlib
ac_cv_prog_ac_ct_STRIP=strip
ac_cv_prog_cc_c89=
ac_cv_prog_cc_g=yes
ac_cv_prog_cxx_g=yes
ac_cv_prog_make_make_set=yes
ac_cv_prog_objc_g=yes
ac_cv_safe_to_define___extensions__=yes
ac_cv_search_sched_yield='none required'
ac_cv_search_zlibVersion=-lz
ac_cv_target=x86_64-apple-darwin15.6.0
am_cv_CC_dependencies_compiler_type=gcc3
am_cv_CXX_dependencies_compiler_type=gcc3
am_cv_OBJC_dependencies_compiler_type=gcc3
am_cv_ar_interface=ar
am_cv_make_support_nested_variables=yes
am_cv_prog_cc_c_o=yes
am_cv_prog_tar_ustar=gnutar
ax_cv_cxx_compile_cxx11=no
ax_cv_cxx_compile_cxx11__std_cpp11=yes
lt_cv_apple_cc_single_mod=yes
lt_cv_ar_at_file=no
lt_cv_deplibs_check_method=pass_all
lt_cv_file_magic_cmd='$MAGIC_CMD'
lt_cv_file_magic_test_file=
lt_cv_ld_exported_symbols_list=yes
lt_cv_ld_force_load=yes
lt_cv_ld_reload_flag=-r
lt_cv_nm_interface='BSD nm'
lt_cv_objdir=.libs
lt_cv_path_LD=/Applications/Xcode.app/Contents/Developer/Toolchains/XcodeDefault.xctoolchain/usr/bin/ld
lt_cv_path_LDCXX=/Applications/Xcode.app/Contents/Developer/Toolchains/XcodeDefault.xctoolchain/usr/bin/ld
lt_cv_path_NM='/usr/bin/nm -B'
lt_cv_path_mainfest_tool=no
lt_cv_prog_compiler_c_o=yes
lt_cv_prog_compiler_c_o_CXX=yes
lt_cv_prog_compiler_pic='-fno-common -DPIC'
lt_cv_prog_compiler_pic_CXX='-fno-common -DPIC'
lt_cv_prog_compiler_pic_works=yes
lt_cv_prog_compiler_pic_works_CXX=yes
lt_cv_prog_compiler_rtti_exceptions=yes
lt_cv_prog_compiler_static_works=no
lt_cv_prog_compiler_static_works_CXX=no
lt_cv_prog_gnu_ld=no
lt_cv_prog_gnu_ldcxx=no
lt_cv_sharedlib_from_linklib_cmd='printf %s\n'
lt_cv_sys_global_symbol_pipe='sed -n -e '\''s/^.*[	 ]\([BCDEGRST][BCDEGRST]*\)[	 ][	 ]*_\([_A-Za-z][_A-Za-z0-9]*\)$/\1 _\2 \2/p'\'' | sed '\''/ __gnu_lto/d'\'''
lt_cv_sys_global_symbol_to_c_name_address='sed -n -e '\''s/^: \([^ ]*\)[ ]*$/  {\"\1\", (void *) 0},/p'\'' -e '\''s/^[BCDEGRST]* \([^ ]*\) \([^ ]*\)$/  {"\2", (void *) \&\2},/p'\'''
lt_cv_sys_global_symbol_to_c_name_address_lib_prefix='sed -n -e '\''s/^: \([^ ]*\)[ ]*$/  {\"\1\", (void *) 0},/p'\'' -e '\''s/^[BCDEGRST]* \([^ ]*\) \(lib[^ ]*\)$/  {"\2", (void *) \&\2},/p'\'' -e '\''s/^[BCDEGRST]* \([^ ]*\) \([^ ]*\)$/  {"lib\2", (void *) \&\2},/p'\'''
lt_cv_sys_global_symbol_to_cdecl='sed -n -e '\''s/^T .* \(.*\)$/extern int \1();/p'\'' -e '\''s/^[BCDEGRST]* .* \(.*\)$/extern char \1;/p'\'''
lt_cv_sys_max_cmd_len=196608
lt_cv_to_host_file_cmd=func_convert_file_noop
lt_cv_to_tool_file_cmd=func_convert_file_noop

## ----------------- ##
## Output variables. ##
## ----------------- ##

ACLOCAL='${SHELL} /Users/heyuhan/Desktop/FVU/fvu_client/frameworks/protobuf-3.2.0/missing aclocal-1.14'
AMDEPBACKSLASH='\'
AMDEP_FALSE='#'
AMDEP_TRUE=''
AMTAR='$${TAR-tar}'
AM_BACKSLASH='\'
AM_DEFAULT_V='$(AM_DEFAULT_VERBOSITY)'
AM_DEFAULT_VERBOSITY='1'
AM_V='$(V)'
AR='ar'
AUTOCONF='${SHELL} /Users/heyuhan/Desktop/FVU/fvu_client/frameworks/protobuf-3.2.0/missing autoconf'
AUTOHEADER='${SHELL} /Users/heyuhan/Desktop/FVU/fvu_client/frameworks/protobuf-3.2.0/missing autoheader'
AUTOMAKE='${SHELL} /Users/heyuhan/Desktop/FVU/fvu_client/frameworks/protobuf-3.2.0/missing automake-1.14'
AWK='awk'
BUILD_EXEEXT=''
BUILD_OBJEXT=''
CC='gcc'
CCDEPMODE='depmode=gcc3'
CC_FOR_BUILD='gcc'
CFLAGS=''
CFLAGS_FOR_BUILD='-g -O2'
CPP='gcc -E'
CPPFLAGS=''
CPPFLAGS_FOR_BUILD=''
CPP_FOR_BUILD='gcc -E'
CXX='g++ -std=c++11'
CXXCPP='g++ -E -std=c++11'
CXXCPPFLAGS_FOR_BUILD=''
CXXCPP_FOR_BUILD='g++ -E'
CXXDEPMODE='depmode=gcc3'
CXXFLAGS=' -g -DNDEBUG'
CXXFLAGS_FOR_BUILD='-g -O2'
CXX_FOR_BUILD='g++'
CYGPATH_W='echo'
DEFS='-DHAVE_CONFIG_H'
DEPDIR='.deps'
DIST_LANG='all'
DLLTOOL='false'
DSYMUTIL='dsymutil'
DUMPBIN=''
ECHO_C='\c'
ECHO_N=''
ECHO_T=''
EGREP='/usr/bin/grep -E'
EXEEXT=''
FGREP='/usr/bin/grep -F'
GCC_FALSE='#'
GCC_TRUE=''
GREP='/usr/bin/grep'
HAVE_CXX11='1'
HAVE_PTHREAD_FALSE='#'
HAVE_PTHREAD_TRUE=''
HAVE_ZLIB_FALSE='#'
HAVE_ZLIB_TRUE=''
INSTALL_DATA='${INSTALL} -m 644'
INSTALL_PROGRAM='${INSTALL}'
INSTALL_SCRIPT='${INSTALL}'
INSTALL_STRIP_PROGRAM='$(install_sh) -c -s'
ISAINFO=''
LD='/Applications/Xcode.app/Contents/Developer/Toolchains/XcodeDefault.xctoolchain/usr/bin/ld'
LDFLAGS=''
LDFLAGS_FOR_BUILD=''
LIBOBJS=''
LIBS='-lz '
LIBTOOL='$(SHELL) $(top_builddir)/libtool'
LIPO='lipo'
LN_S='ln -s'
LTLIBOBJS=''
MAINT=''
MAINTAINER_MODE_FALSE='#'
MAINTAINER_MODE_TRUE=''
MAKEINFO='${SHELL} /Users/heyuhan/Desktop/FVU/fvu_client/frameworks/protobuf-3.2.0/missing makeinfo'
MANIFEST_TOOL=':'
MKDIR_P='./install-sh -c -d'
NM='/usr/bin/nm -B'
NMEDIT='nmedit'
OBJC='gcc'
OBJCDEPMODE='depmode=gcc3'
OBJCFLAGS='-g -O2'
OBJC_CONFORMANCE_TEST_FALSE='#'
OBJC_CONFORMANCE_TEST_TRUE=''
OBJDUMP='false'
OBJEXT='o'
OTOOL64=':'
OTOOL='otool'
PACKAGE='protobuf'
PACKAGE_BUGREPORT='protobuf@googlegroups.com'
PACKAGE_NAME='Protocol Buffers'
PACKAGE_STRING='Protocol Buffers 3.2.0'
PACKAGE_TARNAME='protobuf'
PACKAGE_URL=''
PACKAGE_VERSION='3.2.0'
PATH_SEPARATOR=':'
POW_LIB=''
PROTOBUF_OPT_FLAG='-O2'
PROTOC=''
PTHREAD_CC='gcc'
PTHREAD_CFLAGS='-D_THREAD_SAFE '
PTHREAD_LIBS=''
RANLIB='ranlib'
SED='/usr/bin/sed'
SET_MAKE=''
SHELL='/bin/sh'
STRIP='strip'
USE_EXTERNAL_PROTOC_FALSE=''
USE_EXTERNAL_PROTOC_TRUE='#'
VERSION='3.2.0'
ac_ct_AR='ar'
ac_ct_CC='gcc'
ac_ct_CC_FOR_BUILD='gcc'
ac_ct_CXX='g++'
ac_ct_CXX_FOR_BUILD='g++'
ac_ct_DUMPBIN=''
ac_ct_OBJC='gcc'
acx_pthread_config=''
am__EXEEXT_FALSE=''
am__EXEEXT_TRUE='#'
am__fastdepCC_FALSE='#'
am__fastdepCC_TRUE=''
am__fastdepCXX_FALSE='#'
am__fastdepCXX_TRUE=''
am__fastdepOBJC_FALSE='#'
am__fastdepOBJC_TRUE=''
am__include='include'
am__isrc=''
am__leading_dot='.'
am__nodep='_no'
am__quote=''
am__tar='tar --format=ustar -chf - "$$tardir"'
am__untar='tar -xf -'
bindir='${exec_prefix}/bin'
build='x86_64-apple-darwin15.6.0'
build_alias=''
build_cpu='x86_64'
build_os='darwin15.6.0'
build_vendor='apple'
datadir='${datarootdir}'
datarootdir='${prefix}/share'
docdir='${datarootdir}/doc/${PACKAGE_TARNAME}'
dvidir='${docdir}'
exec_prefix='${prefix}'
host='x86_64-apple-darwin15.6.0'
host_alias=''
host_cpu='x86_64'
host_os='darwin15.6.0'
host_vendor='apple'
htmldir='${docdir}'
includedir='${prefix}/include'
infodir='${datarootdir}/info'
install_sh='${SHELL} /Users/heyuhan/Desktop/FVU/fvu_client/frameworks/protobuf-3.2.0/install-sh'
libdir='${exec_prefix}/lib'
libexecdir='${exec_prefix}/libexec'
localedir='${datarootdir}/locale'
localstatedir='${prefix}/var'
mandir='${datarootdir}/man'
mkdir_p='$(MKDIR_P)'
oldincludedir='/usr/include'
pdfdir='${docdir}'
prefix='/usr/local'
program_transform_name='s,x,x,'
psdir='${docdir}'
sbindir='${exec_prefix}/sbin'
sharedstatedir='${prefix}/com'
subdirs=' gmock'
sysconfdir='${prefix}/etc'
target='x86_64-apple-darwin15.6.0'
target_alias=''
target_cpu='x86_64'
target_os='darwin15.6.0'
target_vendor='apple'

## ----------- ##
## confdefs.h. ##
## ----------- ##

/* confdefs.h */
#define PACKAGE_NAME "Protocol Buffers"
#define PACKAGE_TARNAME "protobuf"
#define PACKAGE_VERSION "3.2.0"
#define PACKAGE_STRING "Protocol Buffers 3.2.0"
#define PACKAGE_BUGREPORT "protobuf@googlegroups.com"
#define PACKAGE_URL ""
#define PACKAGE "protobuf"
#define VERSION "3.2.0"
#define STDC_HEADERS 1
#define HAVE_SYS_TYPES_H 1
#define HAVE_SYS_STAT_H 1
#define HAVE_STDLIB_H 1
#define HAVE_STRING_H 1
#define HAVE_MEMORY_H 1
#define HAVE_STRINGS_H 1
#define HAVE_INTTYPES_H 1
#define HAVE_STDINT_H 1
#define HAVE_UNISTD_H 1
#define __EXTENSIONS__ 1
#define _ALL_SOURCE 1
#define _GNU_SOURCE 1
#define _POSIX_PTHREAD_SEMANTICS 1
#define _TANDEM_SOURCE 1
#define HAVE_DLFCN_H 1
#define LT_OBJDIR ".libs/"
#define STDC_HEADERS 1
#define HAVE_FCNTL_H 1
#define HAVE_INTTYPES_H 1
#define HAVE_LIMITS_H 1
#define HAVE_STDLIB_H 1
#define HAVE_UNISTD_H 1
#define HAVE_FTRUNCATE 1
#define HAVE_MEMSET 1
#define HAVE_MKDIR 1
#define HAVE_STRCHR 1
#define HAVE_STRERROR 1
#define HAVE_STRTOL 1
#define HAVE_ZLIB 1
#define HAVE_PTHREAD 1
#define HAVE_HASH_MAP 1
#define HAVE_HASH_SET 1
#define HASH_MAP_H <unordered_map>
#define HASH_SET_H <unordered_set>
#define HASH_NAMESPACE std
#define HASH_MAP_CLASS unordered_map
#define HASH_SET_CLASS unordered_set
#define HAVE_CXX11 1

configure: exit 0
